#TYPE System.IO.FileInfo
"PSPath","PSParentPath","PSChildName","PSDrive","PSProvider","PSIsContainer","Mode","VersionInfo","BaseName","Target","LinkType","Name","Length","DirectoryName","Directory","IsReadOnly","Exists","FullName","Extension","CreationTime","CreationTimeUtc","LastAccessTime","LastAccessTimeUtc","LastWriteTime","LastWriteTimeUtc","Attributes"
"Microsoft.PowerShell.Core\FileSystem::C:\Users\champuser\Desktop\PowerShellBasicLab.ps1","Microsoft.PowerShell.Core\FileSystem::C:\Users\champuser\Desktop","PowerShellBasicLab.ps1","C","Microsoft.PowerShell.Core\FileSystem","False","-a----","File:             C:\Users\champuser\Desktop\PowerShellBasicLab.ps1
InternalName:     
OriginalFilename: 
FileVersion:      
FileDescription:  
Product:          
ProductVersion:   
Debug:            False
Patched:          False
PreRelease:       False
PrivateBuild:     False
SpecialBuild:     False
Language:         
","PowerShellBasicLab","System.Collections.Generic.List`1[System.String]",,"PowerShellBasicLab.ps1","1720","C:\Users\champuser\Desktop","C:\Users\champuser\Desktop","False","True","C:\Users\champuser\Desktop\PowerShellBasicLab.ps1",".ps1","10/25/2023 1:03:10 PM","10/25/2023 5:03:10 PM","10/25/2023 2:45:30 PM","10/25/2023 6:45:30 PM","10/25/2023 2:45:30 PM","10/25/2023 6:45:30 PM","Archive"
"Microsoft.PowerShell.Core\FileSystem::C:\Users\champuser\Desktop\userLog.ps1","Microsoft.PowerShell.Core\FileSystem::C:\Users\champuser\Desktop","userLog.ps1","C","Microsoft.PowerShell.Core\FileSystem","False","-a----","File:             C:\Users\champuser\Desktop\userLog.ps1
InternalName:     
OriginalFilename: 
FileVersion:      
FileDescription:  
Product:          
ProductVersion:   
Debug:            False
Patched:          False
PreRelease:       False
PrivateBuild:     False
SpecialBuild:     False
Language:         
","userLog","System.Collections.Generic.List`1[System.String]",,"userLog.ps1","247","C:\Users\champuser\Desktop","C:\Users\champuser\Desktop","False","True","C:\Users\champuser\Desktop\userLog.ps1",".ps1","10/18/2023 1:12:07 PM","10/18/2023 5:12:07 PM","10/18/2023 1:12:07 PM","10/18/2023 5:12:07 PM","10/18/2023 1:12:07 PM","10/18/2023 5:12:07 PM","Archive"
